<?xml version="1.0" encoding="UTF-8"?>
<testng-results skipped="0" failed="0" ignored="0" total="3" passed="3">
  <reporter-output>
  </reporter-output>
  <suite name="Default suite" duration-ms="4256" started-at="2020-09-30T11:29:55Z" finished-at="2020-09-30T11:29:59Z">
    <groups>
    </groups>
    <test name="Default test" duration-ms="4256" started-at="2020-09-30T11:29:55Z" finished-at="2020-09-30T11:29:59Z">
      <class name="com.aricent.JiraPOC.JiraTest">
        <test-method status="PASS" signature="setup()[pri:0, instance:com.aricent.JiraPOC.JiraTest@5702b3b1]" name="setup" is-config="true" duration-ms="692" started-at="2020-09-30T11:29:54Z" finished-at="2020-09-30T11:29:55Z">
          <reporter-output>
          </reporter-output>
        </test-method> <!-- setup -->
        <test-method status="PASS" signature="cookieAuthentication()[pri:0, instance:com.aricent.JiraPOC.JiraTest@5702b3b1]" name="cookieAuthentication" duration-ms="2555" started-at="2020-09-30T11:29:55Z" finished-at="2020-09-30T11:29:58Z">
          <reporter-output>
          </reporter-output>
        </test-method> <!-- cookieAuthentication -->
        <test-method status="PASS" signature="createIssue(java.lang.String, java.lang.String, java.lang.String, java.lang.String)[pri:0, instance:com.aricent.JiraPOC.JiraTest@5702b3b1]" name="createIssue" duration-ms="1408" started-at="2020-09-30T11:29:58Z" data-provider="createJiraData" depends-on-methods="com.aricent.JiraPOC.JiraTest.cookieAuthentication" finished-at="2020-09-30T11:29:59Z">
          <params>
            <param index="0">
              <value>
                <![CDATA[Bug]]>
              </value>
            </param>
            <param index="1">
              <value>
                <![CDATA[TEST]]>
              </value>
            </param>
            <param index="2">
              <value>
                <![CDATA[ABC]]>
              </value>
            </param>
            <param index="3">
              <value>
                <![CDATA[YXZ]]>
              </value>
            </param>
          </params>
          <reporter-output>
          </reporter-output>
        </test-method> <!-- createIssue -->
        <test-method status="PASS" signature="getIssueDetails()[pri:0, instance:com.aricent.JiraPOC.JiraTest@5702b3b1]" name="getIssueDetails" duration-ms="238" started-at="2020-09-30T11:29:59Z" depends-on-methods="com.aricent.JiraPOC.JiraTest.createIssue" finished-at="2020-09-30T11:29:59Z">
          <reporter-output>
          </reporter-output>
        </test-method> <!-- getIssueDetails -->
      </class> <!-- com.aricent.JiraPOC.JiraTest -->
    </test> <!-- Default test -->
  </suite> <!-- Default suite -->
</testng-results>
