<?xml version="1.0" encoding="UTF-8"?>
<!-- Generated by org.testng.reporters.JUnitXMLReporter -->
<testsuite hostname="LAPTOP-VLGAL7I9" ignored="0" name="Default test" tests="3" failures="0" timestamp="30 Sep 2020 11:29:59 GMT" time="4.256" errors="0">
  <testcase name="cookieAuthentication" time="2.555" classname="com.aricent.JiraPOC.JiraTest"/>
  <testcase name="createIssue" time="1.408" classname="com.aricent.JiraPOC.JiraTest"/>
  <testcase name="getIssueDetails" time="0.238" classname="com.aricent.JiraPOC.JiraTest"/>
</testsuite> <!-- Default test -->
